This is pdfTeX, Version 3.14159265-2.6-1.40.21 (MiKTeX 21.1) (preloaded format=pdflatex 2021.2.21)  25 FEB 2021 21:39
entering extended mode
**./180616T_a01.tex
(180616T_a01.tex
LaTeX2e <2020-10-01> patch level 4
L3 programming layer <2021-02-18> xparse <2020-03-03>
("C:\Program Files\MiKTeX 2.9\tex/latex/base\article.cls"
Document Class: article 2020/04/10 v1.4m Standard LaTeX document class
("C:\Program Files\MiKTeX 2.9\tex/latex/base\size11.clo"
File: size11.clo 2020/04/10 v1.4m Standard LaTeX file (size option)
)
\c@part=\count179
\c@section=\count180
\c@subsection=\count181
\c@subsubsection=\count182
\c@paragraph=\count183
\c@subparagraph=\count184
\c@figure=\count185
\c@table=\count186
\abovecaptionskip=\skip47
\belowcaptionskip=\skip48
\bibindent=\dimen138
)
("C:\Program Files\MiKTeX 2.9\tex/generic/babel\babel.sty"
Package: babel 2021/01/26 3.53 The Babel package

("C:\Program Files\MiKTeX 2.9\tex/generic/babel\babel.def"
File: babel.def 2021/01/26 3.53 Babel common definitions
\babel@savecnt=\count187
\U@D=\dimen139
\l@babelnohyphens=\language79

("C:\Program Files\MiKTeX 2.9\tex/generic/babel\txtbabel.def")
\bbl@readstream=\read2
)
\bbl@dirlevel=\count188

*************************************
* Local config file bblopts.cfg used
*
("C:\Program Files\MiKTeX 2.9\tex/latex/arabi\bblopts.cfg"
File: bblopts.cfg 2005/09/08 v0.1 add Arabic and Farsi to "declared" options of
 babel
)
("C:\Program Files\MiKTeX 2.9\tex/latex/babel-english\english.ldf"
Language: english 2017/06/06 v3.3r English support from the babel system
Package babel Info: \l@canadian = using hyphenrules for english
(babel)             (\language0) on input line 102.
Package babel Info: \l@australian = using hyphenrules for ukenglish
(babel)             (\language73) on input line 105.
Package babel Info: \l@newzealand = using hyphenrules for ukenglish
(babel)             (\language73) on input line 108.
))
("C:\Program Files\MiKTeX 2.9\tex/latex/float\float.sty"
Package: float 2001/11/08 v1.3d Float enhancements (AL)
\c@float@type=\count189
\float@exts=\toks15
\float@box=\box47
\@float@everytoks=\toks16
\@floatcapt=\box48
)
("C:\Program Files\MiKTeX 2.9\tex/latex/graphics\graphicx.sty"
Package: graphicx 2020/09/09 v1.2b Enhanced LaTeX Graphics (DPC,SPQR)

("C:\Program Files\MiKTeX 2.9\tex/latex/graphics\keyval.sty"
Package: keyval 2014/10/28 v1.15 key=value parser (DPC)
\KV@toks@=\toks17
)
("C:\Program Files\MiKTeX 2.9\tex/latex/graphics\graphics.sty"
Package: graphics 2020/08/30 v1.4c Standard LaTeX Graphics (DPC,SPQR)

("C:\Program Files\MiKTeX 2.9\tex/latex/graphics\trig.sty"
Package: trig 2016/01/03 v1.10 sin cos tan (DPC)
)
("C:\Program Files\MiKTeX 2.9\tex/latex/graphics-cfg\graphics.cfg"
File: graphics.cfg 2016/06/04 v1.11 sample graphics configuration
)
Package graphics Info: Driver file: pdftex.def on input line 105.

("C:\Program Files\MiKTeX 2.9\tex/latex/graphics-def\pdftex.def"
File: pdftex.def 2020/10/05 v1.2a Graphics/color driver for pdftex
))
\Gin@req@height=\dimen140
\Gin@req@width=\dimen141
)
("C:\Program Files\MiKTeX 2.9\tex/latex/geometry\geometry.sty"
Package: geometry 2020/01/02 v5.9 Page Geometry

("C:\Program Files\MiKTeX 2.9\tex/generic/iftex\ifvtex.sty"
Package: ifvtex 2019/10/25 v1.7 ifvtex legacy package. Use iftex instead.

("C:\Program Files\MiKTeX 2.9\tex/generic/iftex\iftex.sty"
Package: iftex 2020/03/06 v1.0d TeX engine tests
))
\Gm@cnth=\count190
\Gm@cntv=\count191
\c@Gm@tempcnt=\count192
\Gm@bindingoffset=\dimen142
\Gm@wd@mp=\dimen143
\Gm@odd@mp=\dimen144
\Gm@even@mp=\dimen145
\Gm@layoutwidth=\dimen146
\Gm@layoutheight=\dimen147
\Gm@layouthoffset=\dimen148
\Gm@layoutvoffset=\dimen149
\Gm@dimlist=\toks18

("C:\Program Files\MiKTeX 2.9\tex/latex/geometry\geometry.cfg"))
("C:\Program Files\MiKTeX 2.9\tex/latex/hyperref\hyperref.sty"
Package: hyperref 2021-02-10 v7.00j Hypertext links for LaTeX

("C:\Program Files\MiKTeX 2.9\tex/generic/ltxcmds\ltxcmds.sty"
Package: ltxcmds 2020-05-10 v1.25 LaTeX kernel commands for general use (HO)
)
("C:\Program Files\MiKTeX 2.9\tex/generic/pdftexcmds\pdftexcmds.sty"
Package: pdftexcmds 2020-06-27 v0.33 Utility functions of pdfTeX for LuaTeX (HO
)

("C:\Program Files\MiKTeX 2.9\tex/generic/infwarerr\infwarerr.sty"
Package: infwarerr 2019/12/03 v1.5 Providing info/warning/error messages (HO)
)
Package pdftexcmds Info: \pdf@primitive is available.
Package pdftexcmds Info: \pdf@ifprimitive is available.
Package pdftexcmds Info: \pdfdraftmode found.
)
("C:\Program Files\MiKTeX 2.9\tex/generic/kvsetkeys\kvsetkeys.sty"
Package: kvsetkeys 2019/12/15 v1.18 Key value parser (HO)
)
("C:\Program Files\MiKTeX 2.9\tex/generic/kvdefinekeys\kvdefinekeys.sty"
Package: kvdefinekeys 2019-12-19 v1.6 Define keys (HO)
)
("C:\Program Files\MiKTeX 2.9\tex/generic/pdfescape\pdfescape.sty"
Package: pdfescape 2019/12/09 v1.15 Implements pdfTeX's escape features (HO)
)
("C:\Program Files\MiKTeX 2.9\tex/latex/hycolor\hycolor.sty"
Package: hycolor 2020-01-27 v1.10 Color options for hyperref/bookmark (HO)
)
("C:\Program Files\MiKTeX 2.9\tex/latex/letltxmacro\letltxmacro.sty"
Package: letltxmacro 2019/12/03 v1.6 Let assignment for LaTeX macros (HO)
)
("C:\Program Files\MiKTeX 2.9\tex/latex/auxhook\auxhook.sty"
Package: auxhook 2019-12-17 v1.6 Hooks for auxiliary files (HO)
)
("C:\Program Files\MiKTeX 2.9\tex/latex/kvoptions\kvoptions.sty"
Package: kvoptions 2020-10-07 v3.14 Key value format for package options (HO)
)
\@linkdim=\dimen150
\Hy@linkcounter=\count193
\Hy@pagecounter=\count194

("C:\Program Files\MiKTeX 2.9\tex/latex/hyperref\pd1enc.def"
File: pd1enc.def 2021-02-10 v7.00j Hyperref: PDFDocEncoding definition (HO)
Now handling font encoding PD1 ...
... no UTF-8 mapping file for font encoding PD1
)
("C:\Program Files\MiKTeX 2.9\tex/latex/hyperref\hyperref-langpatches.def"
File: hyperref-langpatches.def 2021-02-10 v7.00j Hyperref: patches for babel la
nguages
)
("C:\Program Files\MiKTeX 2.9\tex/generic/intcalc\intcalc.sty"
Package: intcalc 2019/12/15 v1.3 Expandable calculations with integers (HO)
)
("C:\Program Files\MiKTeX 2.9\tex/generic/etexcmds\etexcmds.sty"
Package: etexcmds 2019/12/15 v1.7 Avoid name clashes with e-TeX commands (HO)
)
\Hy@SavedSpaceFactor=\count195

("C:\Program Files\MiKTeX 2.9\tex/latex/hyperref\puenc.def"
File: puenc.def 2021-02-10 v7.00j Hyperref: PDF Unicode definition (HO)
Now handling font encoding PU ...
... no UTF-8 mapping file for font encoding PU
)
Package hyperref Info: Hyper figures OFF on input line 4192.
Package hyperref Info: Link nesting OFF on input line 4197.
Package hyperref Info: Hyper index ON on input line 4200.
Package hyperref Info: Plain pages OFF on input line 4207.
Package hyperref Info: Backreferencing OFF on input line 4212.
Package hyperref Info: Implicit mode ON; LaTeX internals redefined.
Package hyperref Info: Bookmarks ON on input line 4445.
\c@Hy@tempcnt=\count196

("C:\Program Files\MiKTeX 2.9\tex/latex/url\url.sty"
\Urlmuskip=\muskip16
Package: url 2013/09/16  ver 3.4  Verb mode for urls, etc.
)
LaTeX Info: Redefining \url on input line 4804.
\XeTeXLinkMargin=\dimen151

("C:\Program Files\MiKTeX 2.9\tex/generic/bitset\bitset.sty"
Package: bitset 2019/12/09 v1.3 Handle bit-vector datatype (HO)

("C:\Program Files\MiKTeX 2.9\tex/generic/bigintcalc\bigintcalc.sty"
Package: bigintcalc 2019/12/15 v1.5 Expandable calculations on big integers (HO
)
))
\Fld@menulength=\count197
\Field@Width=\dimen152
\Fld@charsize=\dimen153
Package hyperref Info: Hyper figures OFF on input line 6075.
Package hyperref Info: Link nesting OFF on input line 6080.
Package hyperref Info: Hyper index ON on input line 6083.
Package hyperref Info: backreferencing OFF on input line 6090.
Package hyperref Info: Link coloring OFF on input line 6095.
Package hyperref Info: Link coloring with OCG OFF on input line 6100.
Package hyperref Info: PDF/A mode OFF on input line 6105.
LaTeX Info: Redefining \ref on input line 6145.
LaTeX Info: Redefining \pageref on input line 6149.

("C:\Program Files\MiKTeX 2.9\tex/latex/base\atbegshi-ltx.sty"
Package: atbegshi-ltx 2020/08/17 v1.0a Emulation of the original atbegshi packa
ge
with kernel methods
)
\Hy@abspage=\count198
\c@Item=\count199
\c@Hfootnote=\count266
)
Package hyperref Info: Driver (autodetected): hpdftex.

("C:\Program Files\MiKTeX 2.9\tex/latex/hyperref\hpdftex.def"
File: hpdftex.def 2021-02-10 v7.00j Hyperref driver for pdfTeX

("C:\Program Files\MiKTeX 2.9\tex/latex/base\atveryend-ltx.sty"
Package: atveryend-ltx 2020/08/19 v1.0a Emulation of the original atvery packag
e
with kernel methods
)
\Fld@listcount=\count267
\c@bookmark@seq@number=\count268

("C:\Program Files\MiKTeX 2.9\tex/latex/rerunfilecheck\rerunfilecheck.sty"
Package: rerunfilecheck 2019/12/05 v1.9 Rerun checks for auxiliary files (HO)

("C:\Program Files\MiKTeX 2.9\tex/generic/uniquecounter\uniquecounter.sty"
Package: uniquecounter 2019/12/15 v1.4 Provide unlimited unique counter (HO)
)
Package uniquecounter Info: New unique counter `rerunfilecheck' on input line 2
86.
)
\Hy@SectionHShift=\skip49
)
("C:\Program Files\MiKTeX 2.9\tex/latex/l3backend\l3backend-pdftex.def"
File: l3backend-pdftex.def 2021-02-18 L3 backend support: PDF output (pdfTeX)
\l__color_backend_stack_int=\count269
\l__pdf_internal_box=\box49
)
(180616T_a01.aux)
\openout1 = `180616T_a01.aux'.

LaTeX Font Info:    Checking defaults for OML/cmm/m/it on input line 13.
LaTeX Font Info:    ... okay on input line 13.
LaTeX Font Info:    Checking defaults for OMS/cmsy/m/n on input line 13.
LaTeX Font Info:    ... okay on input line 13.
LaTeX Font Info:    Checking defaults for OT1/cmr/m/n on input line 13.
LaTeX Font Info:    ... okay on input line 13.
LaTeX Font Info:    Checking defaults for T1/cmr/m/n on input line 13.
LaTeX Font Info:    ... okay on input line 13.
LaTeX Font Info:    Checking defaults for TS1/cmr/m/n on input line 13.
LaTeX Font Info:    ... okay on input line 13.
LaTeX Font Info:    Checking defaults for OMX/cmex/m/n on input line 13.
LaTeX Font Info:    ... okay on input line 13.
LaTeX Font Info:    Checking defaults for U/cmr/m/n on input line 13.
LaTeX Font Info:    ... okay on input line 13.
LaTeX Font Info:    Checking defaults for PD1/pdf/m/n on input line 13.
LaTeX Font Info:    ... okay on input line 13.
LaTeX Font Info:    Checking defaults for PU/pdf/m/n on input line 13.
LaTeX Font Info:    ... okay on input line 13.

("C:\Program Files\MiKTeX 2.9\tex/context/base/mkii\supp-pdf.mkii"
[Loading MPS to PDF converter (version 2006.09.02).]
\scratchcounter=\count270
\scratchdimen=\dimen154
\scratchbox=\box50
\nofMPsegments=\count271
\nofMParguments=\count272
\everyMPshowfont=\toks19
\MPscratchCnt=\count273
\MPscratchDim=\dimen155
\MPnumerator=\count274
\makeMPintoPDFobject=\count275
\everyMPtoPDFconversion=\toks20
) ("C:\Program Files\MiKTeX 2.9\tex/latex/epstopdf-pkg\epstopdf-base.sty"
Package: epstopdf-base 2020-01-24 v2.11 Base part for package epstopdf
Package epstopdf-base Info: Redefining graphics rule for `.eps' on input line 4
85.
)
*geometry* driver: auto-detecting
*geometry* detected driver: pdftex
*geometry* verbose mode - [ preamble ] result:
* driver: pdftex
* paper: <default>
* layout: <same size as paper>
* layoutoffset:(h,v)=(0.0pt,0.0pt)
* modes: 
* h-part:(L,W,R)=(32.52127pt, 549.25246pt, 32.52127pt)
* v-part:(T,H,B)=(32.52127pt, 729.92744pt, 32.52127pt)
* \paperwidth=614.295pt
* \paperheight=794.96999pt
* \textwidth=549.25246pt
* \textheight=729.92744pt
* \oddsidemargin=-39.74872pt
* \evensidemargin=-39.74872pt
* \topmargin=-76.74872pt
* \headheight=12.0pt
* \headsep=25.0pt
* \topskip=11.0pt
* \footskip=30.0pt
* \marginparwidth=4.0pt
* \marginparsep=10.0pt
* \columnsep=10.0pt
* \skip\footins=10.0pt plus 4.0pt minus 2.0pt
* \hoffset=0.0pt
* \voffset=0.0pt
* \mag=1000
* \@twocolumntrue
* \@twosidefalse
* \@mparswitchfalse
* \@reversemarginfalse
* (1in=72.27pt=25.4mm, 1cm=28.453pt)

Package hyperref Info: Link coloring OFF on input line 13.
("C:\Program Files\MiKTeX 2.9\tex/latex/hyperref\nameref.sty"
Package: nameref 2021-04-02 v2.47 Cross-referencing by name of section

("C:\Program Files\MiKTeX 2.9\tex/latex/refcount\refcount.sty"
Package: refcount 2019/12/15 v3.6 Data extraction from label references (HO)
)
("C:\Program Files\MiKTeX 2.9\tex/generic/gettitlestring\gettitlestring.sty"
Package: gettitlestring 2019/12/15 v1.6 Cleanup title references (HO)
)
\c@section@level=\count276
)
LaTeX Info: Redefining \ref on input line 13.
LaTeX Info: Redefining \pageref on input line 13.
LaTeX Info: Redefining \nameref on input line 13.

(180616T_a01.out) (180616T_a01.out)
\@outlinefile=\write3
\openout3 = `180616T_a01.out'.

LaTeX Font Info:    External font `cmex10' loaded for size
(Font)              <12> on input line 16.
LaTeX Font Info:    External font `cmex10' loaded for size
(Font)              <8> on input line 16.
LaTeX Font Info:    External font `cmex10' loaded for size
(Font)              <6> on input line 16.
<./Outputs//sigiriya_gray.png, id=43, 634.37pt x 386.44376pt>
File: ./Outputs//sigiriya_gray.png Graphic file (type png)
<use ./Outputs//sigiriya_gray.png>
Package pdftex.def Info: ./Outputs//sigiriya_gray.png  used on input line 21.
(pdftex.def)             Requested size: 137.31311pt x 83.64397pt.
<./Outputs//Histogram.png, id=44, 650.43pt x 433.62pt>
File: ./Outputs//Histogram.png Graphic file (type png)
<use ./Outputs//Histogram.png>
Package pdftex.def Info: ./Outputs//Histogram.png  used on input line 28.
(pdftex.def)             Requested size: 164.7774pt x 109.84712pt.
<./Outputs//Equalized_Histogram.png, id=46, 650.43pt x 433.62pt>
File: ./Outputs//Equalized_Histogram.png Graphic file (type png)
<use ./Outputs//Equalized_Histogram.png>
Package pdftex.def Info: ./Outputs//Equalized_Histogram.png  used on input line
 33.
(pdftex.def)             Requested size: 164.7774pt x 109.84712pt.
<./Outputs//Equalized_Image.png, id=47, 634.37pt x 386.44376pt>
File: ./Outputs//Equalized_Image.png Graphic file (type png)
<use ./Outputs//Equalized_Image.png>
Package pdftex.def Info: ./Outputs//Equalized_Image.png  used on input line 38.

(pdftex.def)             Requested size: 137.31311pt x 83.64397pt.

Underfull \vbox (badness 10000) has occurred while \output is active []

<./Outputs//Intensity_Transform.png, id=48, 433.62pt x 433.62pt>
File: ./Outputs//Intensity_Transform.png Graphic file (type png)
<use ./Outputs//Intensity_Transform.png>
Package pdftex.def Info: ./Outputs//Intensity_Transform.png  used on input line
 46.
(pdftex.def)             Requested size: 164.7774pt x 164.77731pt.
<./Outputs//Intensity_Image.png, id=49, 634.37pt x 386.44376pt>
File: ./Outputs//Intensity_Image.png Graphic file (type png)
<use ./Outputs//Intensity_Image.png>
Package pdftex.def Info: ./Outputs//Intensity_Image.png  used on input line 51.

(pdftex.def)             Requested size: 137.31311pt x 83.64397pt.
<./Outputs//Gamma_correction.png, id=50, 433.62pt x 433.62pt>
File: ./Outputs//Gamma_correction.png Graphic file (type png)
<use ./Outputs//Gamma_correction.png>
Package pdftex.def Info: ./Outputs//Gamma_correction.png  used on input line 59
.
(pdftex.def)             Requested size: 164.7774pt x 164.77731pt.
<./Outputs//Gamma_Image.png, id=51, 634.37pt x 386.44376pt>
File: ./Outputs//Gamma_Image.png Graphic file (type png)
<use ./Outputs//Gamma_Image.png>
Package pdftex.def Info: ./Outputs//Gamma_Image.png  used on input line 64.
(pdftex.def)             Requested size: 137.31311pt x 83.64397pt.

Underfull \vbox (badness 10000) has occurred while \output is active []

 [1{C:/Users/Pamuditha Somarathne/AppData/Local/MiKTeX/2.9/pdftex/config/pdftex
.map}


 <./Outputs//sigiriya_gray.png (PNG copy)> <./Outputs//Histogram.png> <./Output
s//Equalized_Histogram.png> <./Outputs//Equalized_Image.png (PNG copy)> <./Outp
uts//Intensity_Transform.png> <./Outputs//Intensity_Image.png (PNG copy)>]
<./Outputs//Unsharp_Image.png, id=70, 634.37pt x 386.44376pt>
File: ./Outputs//Unsharp_Image.png Graphic file (type png)
<use ./Outputs//Unsharp_Image.png>
Package pdftex.def Info: ./Outputs//Unsharp_Image.png  used on input line 72.
(pdftex.def)             Requested size: 137.31311pt x 83.64397pt.
<./Outputs//Noisy_Image.png, id=71, 634.37pt x 386.44376pt>
File: ./Outputs//Noisy_Image.png Graphic file (type png)
<use ./Outputs//Noisy_Image.png>
Package pdftex.def Info: ./Outputs//Noisy_Image.png  used on input line 80.
(pdftex.def)             Requested size: 137.31311pt x 83.64397pt.
<./Outputs//Gauss_filt_Image.png, id=72, 634.37pt x 386.44376pt>
File: ./Outputs//Gauss_filt_Image.png Graphic file (type png)
<use ./Outputs//Gauss_filt_Image.png>
Package pdftex.def Info: ./Outputs//Gauss_filt_Image.png  used on input line 85
.
(pdftex.def)             Requested size: 137.31311pt x 83.64397pt.

Underfull \vbox (badness 2980) has occurred while \output is active []

<./Outputs//Bilateral_Image.png, id=73, 634.37pt x 386.44376pt>
File: ./Outputs//Bilateral_Image.png Graphic file (type png)
<use ./Outputs//Bilateral_Image.png>
Package pdftex.def Info: ./Outputs//Bilateral_Image.png  used on input line 91.

(pdftex.def)             Requested size: 137.31311pt x 83.64397pt.
<./Outputs//Salt_Image.png, id=74, 634.37pt x 386.44376pt>
File: ./Outputs//Salt_Image.png Graphic file (type png)
<use ./Outputs//Salt_Image.png>
Package pdftex.def Info: ./Outputs//Salt_Image.png  used on input line 100.
(pdftex.def)             Requested size: 137.31311pt x 83.64397pt.
<./Outputs//Median_filt_Image.png, id=75, 634.37pt x 386.44376pt>
File: ./Outputs//Median_filt_Image.png Graphic file (type png)
<use ./Outputs//Median_filt_Image.png>
Package pdftex.def Info: ./Outputs//Median_filt_Image.png  used on input line 1
05.
(pdftex.def)             Requested size: 137.31311pt x 83.64397pt.
 [2 <./Outputs//Gamma_correction.png> <./Outputs//Gamma_Image.png (PNG copy)> <
./Outputs//Unsharp_Image.png (PNG copy)> <./Outputs//Noisy_Image.png (PNG copy)
> <./Outputs//Gauss_filt_Image.png (PNG copy)> <./Outputs//Bilateral_Image.png 
(PNG copy)> <./Outputs//Salt_Image.png (PNG copy)> <./Outputs//Median_filt_Imag
e.png (PNG copy)>] (180616T_a01.aux)
Package rerunfilecheck Info: File `180616T_a01.out' has not changed.
(rerunfilecheck)             Checksum: C07985114DDBAB3B66B41420BEE0F71B;1664.
 ) 
Here is how much of TeX's memory you used:
 9115 strings out of 479375
 135677 string characters out of 2866541
 456299 words of memory out of 3000000
 26388 multiletter control sequences out of 15000+200000
 408330 words of font info for 43 fonts, out of 3000000 for 9000
 1141 hyphenation exceptions out of 8191
 71i,8n,74p,293b,366s stack positions out of 5000i,500n,10000p,200000b,50000s
<C:/Program Files/MiKTeX 2.9/fonts/type1/public/amsfonts/cm/cmbx12.pfb><C:/Pr
ogram Files/MiKTeX 2.9/fonts/type1/public/amsfonts/cm/cmr10.pfb><C:/Program Fil
es/MiKTeX 2.9/fonts/type1/public/amsfonts/cm/cmr12.pfb><C:/Program Files/MiKTeX
 2.9/fonts/type1/public/amsfonts/cm/cmti10.pfb>
Output written on 180616T_a01.pdf (2 pages, 1945859 bytes).
PDF statistics:
 110 PDF objects out of 1000 (max. 8388607)
 27 named destinations out of 1000 (max. 500000)
 151 words of extra memory for PDF output out of 10000 (max. 10000000)

