This is pdfTeX, Version 3.14159265-2.6-1.40.21 (MiKTeX 21.1) (preloaded format=pdflatex 2021.2.21)  16 MAR 2021 21:09
entering extended mode
**./180616T_a02.tex
(180616T_a02.tex
LaTeX2e <2020-10-01> patch level 4
L3 programming layer <2021-02-18> xparse <2020-03-03>
("C:\Program Files\MiKTeX 2.9\tex/latex/base\article.cls"
Document Class: article 2020/04/10 v1.4m Standard LaTeX document class
("C:\Program Files\MiKTeX 2.9\tex/latex/base\size11.clo"
File: size11.clo 2020/04/10 v1.4m Standard LaTeX file (size option)
)
\c@part=\count179
\c@section=\count180
\c@subsection=\count181
\c@subsubsection=\count182
\c@paragraph=\count183
\c@subparagraph=\count184
\c@figure=\count185
\c@table=\count186
\abovecaptionskip=\skip47
\belowcaptionskip=\skip48
\bibindent=\dimen138
)
("C:\Program Files\MiKTeX 2.9\tex/generic/babel\babel.sty"
Package: babel 2021/01/26 3.53 The Babel package

("C:\Program Files\MiKTeX 2.9\tex/generic/babel\babel.def"
File: babel.def 2021/01/26 3.53 Babel common definitions
\babel@savecnt=\count187
\U@D=\dimen139
\l@babelnohyphens=\language79

("C:\Program Files\MiKTeX 2.9\tex/generic/babel\txtbabel.def")
\bbl@readstream=\read2
)
\bbl@dirlevel=\count188

*************************************
* Local config file bblopts.cfg used
*
("C:\Program Files\MiKTeX 2.9\tex/latex/arabi\bblopts.cfg"
File: bblopts.cfg 2005/09/08 v0.1 add Arabic and Farsi to "declared" options of
 babel
)
("C:\Program Files\MiKTeX 2.9\tex/latex/babel-english\english.ldf"
Language: english 2017/06/06 v3.3r English support from the babel system
Package babel Info: \l@canadian = using hyphenrules for english
(babel)             (\language0) on input line 102.
Package babel Info: \l@australian = using hyphenrules for ukenglish
(babel)             (\language73) on input line 105.
Package babel Info: \l@newzealand = using hyphenrules for ukenglish
(babel)             (\language73) on input line 108.
))
("C:\Program Files\MiKTeX 2.9\tex/latex/float\float.sty"
Package: float 2001/11/08 v1.3d Float enhancements (AL)
\c@float@type=\count189
\float@exts=\toks15
\float@box=\box47
\@float@everytoks=\toks16
\@floatcapt=\box48
)
("C:\Program Files\MiKTeX 2.9\tex/latex/graphics\graphicx.sty"
Package: graphicx 2020/09/09 v1.2b Enhanced LaTeX Graphics (DPC,SPQR)

("C:\Program Files\MiKTeX 2.9\tex/latex/graphics\keyval.sty"
Package: keyval 2014/10/28 v1.15 key=value parser (DPC)
\KV@toks@=\toks17
)
("C:\Program Files\MiKTeX 2.9\tex/latex/graphics\graphics.sty"
Package: graphics 2020/08/30 v1.4c Standard LaTeX Graphics (DPC,SPQR)

("C:\Program Files\MiKTeX 2.9\tex/latex/graphics\trig.sty"
Package: trig 2016/01/03 v1.10 sin cos tan (DPC)
)
("C:\Program Files\MiKTeX 2.9\tex/latex/graphics-cfg\graphics.cfg"
File: graphics.cfg 2016/06/04 v1.11 sample graphics configuration
)
Package graphics Info: Driver file: pdftex.def on input line 105.

("C:\Program Files\MiKTeX 2.9\tex/latex/graphics-def\pdftex.def"
File: pdftex.def 2020/10/05 v1.2a Graphics/color driver for pdftex
))
\Gin@req@height=\dimen140
\Gin@req@width=\dimen141
)
("C:\Program Files\MiKTeX 2.9\tex/latex/geometry\geometry.sty"
Package: geometry 2020/01/02 v5.9 Page Geometry

("C:\Program Files\MiKTeX 2.9\tex/generic/iftex\ifvtex.sty"
Package: ifvtex 2019/10/25 v1.7 ifvtex legacy package. Use iftex instead.

("C:\Program Files\MiKTeX 2.9\tex/generic/iftex\iftex.sty"
Package: iftex 2020/03/06 v1.0d TeX engine tests
))
\Gm@cnth=\count190
\Gm@cntv=\count191
\c@Gm@tempcnt=\count192
\Gm@bindingoffset=\dimen142
\Gm@wd@mp=\dimen143
\Gm@odd@mp=\dimen144
\Gm@even@mp=\dimen145
\Gm@layoutwidth=\dimen146
\Gm@layoutheight=\dimen147
\Gm@layouthoffset=\dimen148
\Gm@layoutvoffset=\dimen149
\Gm@dimlist=\toks18

("C:\Program Files\MiKTeX 2.9\tex/latex/geometry\geometry.cfg"))
("C:\Program Files\MiKTeX 2.9\tex/latex/hyperref\hyperref.sty"
Package: hyperref 2021-02-10 v7.00j Hypertext links for LaTeX

("C:\Program Files\MiKTeX 2.9\tex/generic/ltxcmds\ltxcmds.sty"
Package: ltxcmds 2020-05-10 v1.25 LaTeX kernel commands for general use (HO)
)
("C:\Program Files\MiKTeX 2.9\tex/generic/pdftexcmds\pdftexcmds.sty"
Package: pdftexcmds 2020-06-27 v0.33 Utility functions of pdfTeX for LuaTeX (HO
)

("C:\Program Files\MiKTeX 2.9\tex/generic/infwarerr\infwarerr.sty"
Package: infwarerr 2019/12/03 v1.5 Providing info/warning/error messages (HO)
)
Package pdftexcmds Info: \pdf@primitive is available.
Package pdftexcmds Info: \pdf@ifprimitive is available.
Package pdftexcmds Info: \pdfdraftmode found.
)
("C:\Program Files\MiKTeX 2.9\tex/generic/kvsetkeys\kvsetkeys.sty"
Package: kvsetkeys 2019/12/15 v1.18 Key value parser (HO)
)
("C:\Program Files\MiKTeX 2.9\tex/generic/kvdefinekeys\kvdefinekeys.sty"
Package: kvdefinekeys 2019-12-19 v1.6 Define keys (HO)
)
("C:\Program Files\MiKTeX 2.9\tex/generic/pdfescape\pdfescape.sty"
Package: pdfescape 2019/12/09 v1.15 Implements pdfTeX's escape features (HO)
)
("C:\Program Files\MiKTeX 2.9\tex/latex/hycolor\hycolor.sty"
Package: hycolor 2020-01-27 v1.10 Color options for hyperref/bookmark (HO)
)
("C:\Program Files\MiKTeX 2.9\tex/latex/letltxmacro\letltxmacro.sty"
Package: letltxmacro 2019/12/03 v1.6 Let assignment for LaTeX macros (HO)
)
("C:\Program Files\MiKTeX 2.9\tex/latex/auxhook\auxhook.sty"
Package: auxhook 2019-12-17 v1.6 Hooks for auxiliary files (HO)
)
("C:\Program Files\MiKTeX 2.9\tex/latex/kvoptions\kvoptions.sty"
Package: kvoptions 2020-10-07 v3.14 Key value format for package options (HO)
)
\@linkdim=\dimen150
\Hy@linkcounter=\count193
\Hy@pagecounter=\count194

("C:\Program Files\MiKTeX 2.9\tex/latex/hyperref\pd1enc.def"
File: pd1enc.def 2021-02-10 v7.00j Hyperref: PDFDocEncoding definition (HO)
Now handling font encoding PD1 ...
... no UTF-8 mapping file for font encoding PD1
)
("C:\Program Files\MiKTeX 2.9\tex/latex/hyperref\hyperref-langpatches.def"
File: hyperref-langpatches.def 2021-02-10 v7.00j Hyperref: patches for babel la
nguages
)
("C:\Program Files\MiKTeX 2.9\tex/generic/intcalc\intcalc.sty"
Package: intcalc 2019/12/15 v1.3 Expandable calculations with integers (HO)
)
("C:\Program Files\MiKTeX 2.9\tex/generic/etexcmds\etexcmds.sty"
Package: etexcmds 2019/12/15 v1.7 Avoid name clashes with e-TeX commands (HO)
)
\Hy@SavedSpaceFactor=\count195

("C:\Program Files\MiKTeX 2.9\tex/latex/hyperref\puenc.def"
File: puenc.def 2021-02-10 v7.00j Hyperref: PDF Unicode definition (HO)
Now handling font encoding PU ...
... no UTF-8 mapping file for font encoding PU
)
Package hyperref Info: Hyper figures OFF on input line 4192.
Package hyperref Info: Link nesting OFF on input line 4197.
Package hyperref Info: Hyper index ON on input line 4200.
Package hyperref Info: Plain pages OFF on input line 4207.
Package hyperref Info: Backreferencing OFF on input line 4212.
Package hyperref Info: Implicit mode ON; LaTeX internals redefined.
Package hyperref Info: Bookmarks ON on input line 4445.
\c@Hy@tempcnt=\count196

("C:\Program Files\MiKTeX 2.9\tex/latex/url\url.sty"
\Urlmuskip=\muskip16
Package: url 2013/09/16  ver 3.4  Verb mode for urls, etc.
)
LaTeX Info: Redefining \url on input line 4804.
\XeTeXLinkMargin=\dimen151

("C:\Program Files\MiKTeX 2.9\tex/generic/bitset\bitset.sty"
Package: bitset 2019/12/09 v1.3 Handle bit-vector datatype (HO)

("C:\Program Files\MiKTeX 2.9\tex/generic/bigintcalc\bigintcalc.sty"
Package: bigintcalc 2019/12/15 v1.5 Expandable calculations on big integers (HO
)
))
\Fld@menulength=\count197
\Field@Width=\dimen152
\Fld@charsize=\dimen153
Package hyperref Info: Hyper figures OFF on input line 6075.
Package hyperref Info: Link nesting OFF on input line 6080.
Package hyperref Info: Hyper index ON on input line 6083.
Package hyperref Info: backreferencing OFF on input line 6090.
Package hyperref Info: Link coloring OFF on input line 6095.
Package hyperref Info: Link coloring with OCG OFF on input line 6100.
Package hyperref Info: PDF/A mode OFF on input line 6105.
LaTeX Info: Redefining \ref on input line 6145.
LaTeX Info: Redefining \pageref on input line 6149.

("C:\Program Files\MiKTeX 2.9\tex/latex/base\atbegshi-ltx.sty"
Package: atbegshi-ltx 2020/08/17 v1.0a Emulation of the original atbegshi packa
ge
with kernel methods
)
\Hy@abspage=\count198
\c@Item=\count199
\c@Hfootnote=\count266
)
Package hyperref Info: Driver (autodetected): hpdftex.

("C:\Program Files\MiKTeX 2.9\tex/latex/hyperref\hpdftex.def"
File: hpdftex.def 2021-02-10 v7.00j Hyperref driver for pdfTeX

("C:\Program Files\MiKTeX 2.9\tex/latex/base\atveryend-ltx.sty"
Package: atveryend-ltx 2020/08/19 v1.0a Emulation of the original atvery packag
e
with kernel methods
)
\Fld@listcount=\count267
\c@bookmark@seq@number=\count268

("C:\Program Files\MiKTeX 2.9\tex/latex/rerunfilecheck\rerunfilecheck.sty"
Package: rerunfilecheck 2019/12/05 v1.9 Rerun checks for auxiliary files (HO)

("C:\Program Files\MiKTeX 2.9\tex/generic/uniquecounter\uniquecounter.sty"
Package: uniquecounter 2019/12/15 v1.4 Provide unlimited unique counter (HO)
)
Package uniquecounter Info: New unique counter `rerunfilecheck' on input line 2
86.
)
\Hy@SectionHShift=\skip49
)
("C:\Program Files\MiKTeX 2.9\tex/latex/caption\caption.sty"
Package: caption 2020/10/26 v3.5g Customizing captions (AR)

("C:\Program Files\MiKTeX 2.9\tex/latex/caption\caption3.sty"
Package: caption3 2020/10/21 v2.2e caption3 kernel (AR)
\captionmargin=\dimen154
\captionmargin@=\dimen155
\captionwidth=\dimen156
\caption@tempdima=\dimen157
\caption@indent=\dimen158
\caption@parindent=\dimen159
\caption@hangindent=\dimen160
Package caption Info: Standard document class detected.
)
\c@caption@flags=\count269
\c@continuedfloat=\count270
Package caption Info: float package is loaded.
Package caption Info: hyperref package is loaded.
)
("C:\Program Files\MiKTeX 2.9\tex/latex/caption\subcaption.sty"
Package: subcaption 2020/10/07 v1.3j Sub-captions (AR)
\c@subfigure=\count271
\c@subtable=\count272
)
("C:\Program Files\MiKTeX 2.9\tex/latex/listings\listings.sty"
\lst@mode=\count273
\lst@gtempboxa=\box49
\lst@token=\toks19
\lst@length=\count274
\lst@currlwidth=\dimen161
\lst@column=\count275
\lst@pos=\count276
\lst@lostspace=\dimen162
\lst@width=\dimen163
\lst@newlines=\count277
\lst@lineno=\count278
\lst@maxwidth=\dimen164

("C:\Program Files\MiKTeX 2.9\tex/latex/listings\lstmisc.sty"
File: lstmisc.sty 2020/03/24 1.8d (Carsten Heinz)
\c@lstnumber=\count279
\lst@skipnumbers=\count280
\lst@framebox=\box50
)
("C:\Program Files\MiKTeX 2.9\tex/latex/listings\listings.cfg"
File: listings.cfg 2020/03/24 1.8d listings configuration
))
Package: listings 2020/03/24 1.8d (Carsten Heinz)

("C:\Program Files\MiKTeX 2.9\tex/latex/amsmath\amsmath.sty"
Package: amsmath 2020/09/23 v2.17i AMS math features
\@mathmargin=\skip50

For additional information on amsmath, use the `?' option.
("C:\Program Files\MiKTeX 2.9\tex/latex/amsmath\amstext.sty"
Package: amstext 2000/06/29 v2.01 AMS text

("C:\Program Files\MiKTeX 2.9\tex/latex/amsmath\amsgen.sty"
File: amsgen.sty 1999/11/30 v2.0 generic functions
\@emptytoks=\toks20
\ex@=\dimen165
))
("C:\Program Files\MiKTeX 2.9\tex/latex/amsmath\amsbsy.sty"
Package: amsbsy 1999/11/29 v1.2d Bold Symbols
\pmbraise@=\dimen166
)
("C:\Program Files\MiKTeX 2.9\tex/latex/amsmath\amsopn.sty"
Package: amsopn 2016/03/08 v2.02 operator names
)
\inf@bad=\count281
LaTeX Info: Redefining \frac on input line 234.
\uproot@=\count282
\leftroot@=\count283
LaTeX Info: Redefining \overline on input line 399.
\classnum@=\count284
\DOTSCASE@=\count285
LaTeX Info: Redefining \ldots on input line 496.
LaTeX Info: Redefining \dots on input line 499.
LaTeX Info: Redefining \cdots on input line 620.
\Mathstrutbox@=\box51
\strutbox@=\box52
\big@size=\dimen167
LaTeX Font Info:    Redeclaring font encoding OML on input line 743.
LaTeX Font Info:    Redeclaring font encoding OMS on input line 744.
\macc@depth=\count286
\c@MaxMatrixCols=\count287
\dotsspace@=\muskip17
\c@parentequation=\count288
\dspbrk@lvl=\count289
\tag@help=\toks21
\row@=\count290
\column@=\count291
\maxfields@=\count292
\andhelp@=\toks22
\eqnshift@=\dimen168
\alignsep@=\dimen169
\tagshift@=\dimen170
\tagwidth@=\dimen171
\totwidth@=\dimen172
\lineht@=\dimen173
\@envbody=\toks23
\multlinegap=\skip51
\multlinetaggap=\skip52
\mathdisplay@stack=\toks24
LaTeX Info: Redefining \[ on input line 2923.
LaTeX Info: Redefining \] on input line 2924.
)
("C:\Program Files\MiKTeX 2.9\tex/latex/l3backend\l3backend-pdftex.def"
File: l3backend-pdftex.def 2021-02-18 L3 backend support: PDF output (pdfTeX)
\l__color_backend_stack_int=\count293
\l__pdf_internal_box=\box53
)
(180616T_a02.aux

LaTeX Warning: Label `fig:3im1' multiply defined.


LaTeX Warning: Label `sub@fig:3im1' multiply defined.


LaTeX Warning: Label `fig:3im5' multiply defined.


LaTeX Warning: Label `sub@fig:3im5' multiply defined.


LaTeX Warning: Label `fig:3imw' multiply defined.


LaTeX Warning: Label `sub@fig:3imw' multiply defined.


LaTeX Warning: Label `fig:h1' multiply defined.


LaTeX Warning: Label `sub@fig:h1' multiply defined.


LaTeX Warning: Label `fig:h2' multiply defined.


LaTeX Warning: Label `sub@fig:h2' multiply defined.


LaTeX Warning: Label `fig:h3' multiply defined.


LaTeX Warning: Label `sub@fig:h3' multiply defined.

)
\openout1 = `180616T_a02.aux'.

LaTeX Font Info:    Checking defaults for OML/cmm/m/it on input line 17.
LaTeX Font Info:    ... okay on input line 17.
LaTeX Font Info:    Checking defaults for OMS/cmsy/m/n on input line 17.
LaTeX Font Info:    ... okay on input line 17.
LaTeX Font Info:    Checking defaults for OT1/cmr/m/n on input line 17.
LaTeX Font Info:    ... okay on input line 17.
LaTeX Font Info:    Checking defaults for T1/cmr/m/n on input line 17.
LaTeX Font Info:    ... okay on input line 17.
LaTeX Font Info:    Checking defaults for TS1/cmr/m/n on input line 17.
LaTeX Font Info:    ... okay on input line 17.
LaTeX Font Info:    Checking defaults for OMX/cmex/m/n on input line 17.
LaTeX Font Info:    ... okay on input line 17.
LaTeX Font Info:    Checking defaults for U/cmr/m/n on input line 17.
LaTeX Font Info:    ... okay on input line 17.
LaTeX Font Info:    Checking defaults for PD1/pdf/m/n on input line 17.
LaTeX Font Info:    ... okay on input line 17.
LaTeX Font Info:    Checking defaults for PU/pdf/m/n on input line 17.
LaTeX Font Info:    ... okay on input line 17.
 ("C:\Program Files\MiKTeX 2.9\tex/context/base/mkii\supp-pdf.mkii"
[Loading MPS to PDF converter (version 2006.09.02).]
\scratchcounter=\count294
\scratchdimen=\dimen174
\scratchbox=\box54
\nofMPsegments=\count295
\nofMParguments=\count296
\everyMPshowfont=\toks25
\MPscratchCnt=\count297
\MPscratchDim=\dimen175
\MPnumerator=\count298
\makeMPintoPDFobject=\count299
\everyMPtoPDFconversion=\toks26
) ("C:\Program Files\MiKTeX 2.9\tex/latex/epstopdf-pkg\epstopdf-base.sty"
Package: epstopdf-base 2020-01-24 v2.11 Base part for package epstopdf

("C:\Program Files\MiKTeX 2.9\tex/latex/grfext\grfext.sty"
Package: grfext 2019/12/03 v1.3 Manage graphics extensions (HO)
)
Package epstopdf-base Info: Redefining graphics rule for `.eps' on input line 4
85.
Package grfext Info: Graphics extension search list:
(grfext)             [.pdf,.png,.jpg,.mps,.jpeg,.jbig2,.jb2,.PDF,.PNG,.JPG,.JPE
G,.JBIG2,.JB2,.eps]
(grfext)             \AppendGraphicsExtensions on input line 504.
)
*geometry* driver: auto-detecting
*geometry* detected driver: pdftex
*geometry* verbose mode - [ preamble ] result:
* driver: pdftex
* paper: a4paper
* layout: <same size as paper>
* layoutoffset:(h,v)=(0.0pt,0.0pt)
* modes: 
* h-part:(L,W,R)=(36.135pt, 525.23788pt, 36.135pt)
* v-part:(T,H,B)=(36.135pt, 772.77686pt, 36.135pt)
* \paperwidth=597.50787pt
* \paperheight=845.04684pt
* \textwidth=525.23788pt
* \textheight=772.77686pt
* \oddsidemargin=-36.135pt
* \evensidemargin=-36.135pt
* \topmargin=-73.135pt
* \headheight=12.0pt
* \headsep=25.0pt
* \topskip=11.0pt
* \footskip=30.0pt
* \marginparwidth=50.0pt
* \marginparsep=10.0pt
* \columnsep=10.0pt
* \skip\footins=10.0pt plus 4.0pt minus 2.0pt
* \hoffset=0.0pt
* \voffset=0.0pt
* \mag=1000
* \@twocolumnfalse
* \@twosidefalse
* \@mparswitchfalse
* \@reversemarginfalse
* (1in=72.27pt=25.4mm, 1cm=28.453pt)

Package hyperref Info: Link coloring OFF on input line 17.
("C:\Program Files\MiKTeX 2.9\tex/latex/hyperref\nameref.sty"
Package: nameref 2021-04-02 v2.47 Cross-referencing by name of section

("C:\Program Files\MiKTeX 2.9\tex/latex/refcount\refcount.sty"
Package: refcount 2019/12/15 v3.6 Data extraction from label references (HO)
)
("C:\Program Files\MiKTeX 2.9\tex/generic/gettitlestring\gettitlestring.sty"
Package: gettitlestring 2019/12/15 v1.6 Cleanup title references (HO)
)
\c@section@level=\count300
)
LaTeX Info: Redefining \ref on input line 17.
LaTeX Info: Redefining \pageref on input line 17.
LaTeX Info: Redefining \nameref on input line 17.

(180616T_a02.out) (180616T_a02.out)
\@outlinefile=\write3
\openout3 = `180616T_a02.out'.

Package caption Info: Begin \AtBeginDocument code.
Package caption Info: listings package is loaded.
Package caption Info: End \AtBeginDocument code.
\c@lstlisting=\count301
<./images/2Dtransform.png, id=36, 508.90125pt x 698.61pt>
File: ./images/2Dtransform.png Graphic file (type png)
<use ./images/2Dtransform.png>
Package pdftex.def Info: ./images/2Dtransform.png  used on input line 25.
(pdftex.def)             Requested size: 393.9284pt x 540.79887pt.
<./images/Q2im1.jpg, id=39, 803.0pt x 642.4pt>
File: ./images/Q2im1.jpg Graphic file (type jpg)
<use ./images/Q2im1.jpg>
Package pdftex.def Info: ./images/Q2im1.jpg  used on input line 36.
(pdftex.def)             Requested size: 168.07996pt x 134.45708pt.
<./images/Q2im5.jpg, id=40, 803.0pt x 642.4pt>
File: ./images/Q2im5.jpg Graphic file (type jpg)
<use ./images/Q2im5.jpg>
Package pdftex.def Info: ./images/Q2im5.jpg  used on input line 43.
(pdftex.def)             Requested size: 168.07996pt x 134.45708pt.
<./images/Q2im1Warp.jpg, id=41, 1003.75pt x 1003.75pt>
File: ./images/Q2im1Warp.jpg Graphic file (type jpg)
<use ./images/Q2im1Warp.jpg>
Package pdftex.def Info: ./images/Q2im1Warp.jpg  used on input line 50.
(pdftex.def)             Requested size: 168.07996pt x 168.07747pt.
 [1

{C:/Users/Pamuditha Somarathne/AppData/Local/MiKTeX/2.9/pdftex/config/pdftex.ma
p} <./images/2Dtransform.png>]
Overfull \hbox (70.99701pt too wide) in paragraph at lines 58--59
\OT1/cmr/m/n/10.95 Combined img1.ppm and img5.ppm with ho-mog-ra-phy ma-trix ge
n-er-ated by mouse-clicked points and \OT1/cmr/bx/n/10.95 cv2.findHomography()
 []

("C:\Program Files\MiKTeX 2.9\tex/latex/listings\lstlang1.sty"
File: lstlang1.sty 2020/03/24 1.8d listings language file
)
Package hyperref Info: bookmark level for unknown lstlisting defaults to 0 on i
nput line 60.
<./images/Q3im1.jpg, id=54, 803.0pt x 642.4pt>
File: ./images/Q3im1.jpg Graphic file (type jpg)
<use ./images/Q3im1.jpg>
Package pdftex.def Info: ./images/Q3im1.jpg  used on input line 70.
(pdftex.def)             Requested size: 168.07996pt x 134.45708pt.
<./images/Q3im5.jpg, id=55, 803.0pt x 642.4pt>
File: ./images/Q3im5.jpg Graphic file (type jpg)
<use ./images/Q3im5.jpg>
Package pdftex.def Info: ./images/Q3im5.jpg  used on input line 77.
(pdftex.def)             Requested size: 168.07996pt x 134.45708pt.
<./images/Q3im1Warp.jpg, id=56, 1003.75pt x 1003.75pt>
File: ./images/Q3im1Warp.jpg Graphic file (type jpg)
<use ./images/Q3im1Warp.jpg>
Package pdftex.def Info: ./images/Q3im1Warp.jpg  used on input line 84.
(pdftex.def)             Requested size: 168.07996pt x 168.07747pt.

Overfull \hbox (9.09239pt too wide) in paragraph at lines 92--93
\OT1/cmr/m/n/10.95 Combined img1.ppm and img5.ppm with ho-mog-ra-phy ma-trix ge
n-er-ated by mouse-clicked points and a function[[]].
 []

[2 <./images/Q2im1.jpg> <./images/Q2im5.jpg> <./images/Q2im1Warp.jpg> <./images
/Q3im1.jpg> <./images/Q3im5.jpg> <./images/Q3im1Warp.jpg>]
LaTeX Font Info:    Trying to load font information for OMS+cmr on input line 1
29.

("C:\Program Files\MiKTeX 2.9\tex/latex/base\omscmr.fd"
File: omscmr.fd 2019/12/16 v2.5j Standard LaTeX font definitions
)
LaTeX Font Info:    Font shape `OMS/cmr/m/n' in size <10.95> not available
(Font)              Font shape `OMS/cmsy/m/n' tried instead on input line 129.
File: ./images/Q3im1.jpg Graphic file (type jpg)
<use ./images/Q3im1.jpg>
Package pdftex.def Info: ./images/Q3im1.jpg  used on input line 145.
(pdftex.def)             Requested size: 168.07996pt x 134.45708pt.
File: ./images/Q3im5.jpg Graphic file (type jpg)
<use ./images/Q3im5.jpg>
Package pdftex.def Info: ./images/Q3im5.jpg  used on input line 152.
(pdftex.def)             Requested size: 168.07996pt x 134.45708pt.
<./images/Q4im1Warp.jpg, id=72, 1003.75pt x 1003.75pt>
File: ./images/Q4im1Warp.jpg Graphic file (type jpg)
<use ./images/Q4im1Warp.jpg>
Package pdftex.def Info: ./images/Q4im1Warp.jpg  used on input line 159.
(pdftex.def)             Requested size: 168.07996pt x 168.07747pt.
 [3 <./images/Q4im1Warp.jpg>]
LaTeX Font Info:    Trying to load font information for OML+cmr on input line 1
76.
 ("C:\Program Files\MiKTeX 2.9\tex/latex/base\omlcmr.fd"
File: omlcmr.fd 2019/12/16 v2.5j Standard LaTeX font definitions
)
LaTeX Font Info:    Font shape `OML/cmr/m/n' in size <10.95> not available
(Font)              Font shape `OML/cmm/m/it' tried instead on input line 176.
<./SuperGluePretrainedNetwork-master/graffiti/output/img1_img5_matches.png, id=
105, 824.6007pt x 315.0972pt>
File: ./SuperGluePretrainedNetwork-master/graffiti/output/img1_img5_matches.png
 Graphic file (type png)
<use ./SuperGluePretrainedNetwork-master/graffiti/output/img1_img5_matches.png>

Package pdftex.def Info: ./SuperGluePretrainedNetwork-master/graffiti/output/im
g1_img5_matches.png  used on input line 187.
(pdftex.def)             Requested size: 341.40141pt x 130.45518pt.
<./images/Bonusim1Warp.jpg, id=106, 803.0pt x 741.77126pt>
File: ./images/Bonusim1Warp.jpg Graphic file (type jpg)
<use ./images/Bonusim1Warp.jpg>
Package pdftex.def Info: ./images/Bonusim1Warp.jpg  used on input line 194.
(pdftex.def)             Requested size: 157.57297pt x 145.55595pt.
<./images/hill/1.jpg, id=107, 401.5pt x 301.125pt>
File: ./images/hill/1.jpg Graphic file (type jpg)
<use ./images/hill/1.jpg>
Package pdftex.def Info: ./images/hill/1.jpg  used on input line 207.
(pdftex.def)             Requested size: 157.57297pt x 118.18262pt.
<./images/hill/2.jpg, id=108, 401.5pt x 301.125pt>
File: ./images/hill/2.jpg Graphic file (type jpg)
<use ./images/hill/2.jpg>
Package pdftex.def Info: ./images/hill/2.jpg  used on input line 214.
(pdftex.def)             Requested size: 157.57297pt x 118.18262pt.
<./images/hill/3.jpg, id=109, 401.5pt x 301.125pt>
File: ./images/hill/3.jpg Graphic file (type jpg)
<use ./images/hill/3.jpg>
Package pdftex.def Info: ./images/hill/3.jpg  used on input line 221.
(pdftex.def)             Requested size: 157.57297pt x 118.18262pt.
<./images/panorama.jpg, id=110, 778.91pt x 301.125pt>
File: ./images/panorama.jpg Graphic file (type jpg)
<use ./images/panorama.jpg>
Package pdftex.def Info: ./images/panorama.jpg  used on input line 228.
(pdftex.def)             Requested size: 393.9284pt x 152.28976pt.
 [4 <./SuperGluePretrainedNetwork-master/graffiti/output/img1_img5_matches.png>
 <./images/Bonusim1Warp.jpg> <./images/hill/1.jpg> <./images/hill/2.jpg> <./ima
ges/hill/3.jpg> <./images/panorama.jpg>]
<./images/Bim1.jpg, id=126, 803.0pt x 642.4pt>
File: ./images/Bim1.jpg Graphic file (type jpg)
<use ./images/Bim1.jpg>
Package pdftex.def Info: ./images/Bim1.jpg  used on input line 261.
(pdftex.def)             Requested size: 168.07996pt x 134.45708pt.
<./images/Bim4.jpg, id=127, 803.0pt x 642.4pt>
File: ./images/Bim4.jpg Graphic file (type jpg)
<use ./images/Bim4.jpg>
Package pdftex.def Info: ./images/Bim4.jpg  used on input line 268.
(pdftex.def)             Requested size: 168.07996pt x 134.45708pt.
<./images/Bim1Warp.jpg, id=128, 1572.87625pt x 1572.87625pt>
File: ./images/Bim1Warp.jpg Graphic file (type jpg)
<use ./images/Bim1Warp.jpg>
Package pdftex.def Info: ./images/Bim1Warp.jpg  used on input line 275.
(pdftex.def)             Requested size: 168.07996pt x 168.07289pt.

Overfull \hbox (0.7503pt too wide) in paragraph at lines 283--284
[]\OT1/cmr/m/n/10.95 Full code avail-able at []$\OT1/cmtt/m/n/10.95 https : / /
 github . com / PamudithaSomarathne / EN2550 / tree / master / 1 % 20Alignment$
[] 
 []


Overfull \hbox (17.3787pt too wide) in paragraph at lines 287--289
[]$\OT1/cmtt/m/n/10.95 https : / / www . gatevidyalay . com / 2d-[]transformati
on-[]in-[]computer-[]graphics-[]translation-[]examples/$[] 
 []

[5 <./images/Bim1.jpg> <./images/Bim4.jpg> <./images/Bim1Warp.jpg>]
(180616T_a02.aux)

LaTeX Warning: There were multiply-defined labels.

Package rerunfilecheck Info: File `180616T_a02.out' has not changed.
(rerunfilecheck)             Checksum: 2459FF32A415BEA214ADC7BE8C659574;1761.
 ) 
Here is how much of TeX's memory you used:
 12981 strings out of 479375
 193102 string characters out of 2866541
 732633 words of memory out of 3000000
 30145 multiletter control sequences out of 15000+200000
 410700 words of font info for 52 fonts, out of 3000000 for 9000
 1141 hyphenation exceptions out of 8191
 71i,8n,74p,383b,1885s stack positions out of 5000i,500n,10000p,200000b,50000s
 <C:\Users\Pamuditha Somarathne\AppData\Local\MiKTeX\2.9\fonts/pk/ljfour/jkna
ppen/ec/dpi600\tcrm1095.pk><C:/Program Files/MiKTeX 2.9/fonts/type1/public/amsf
onts/cm/cmbx10.pfb><C:/Program Files/MiKTeX 2.9/fonts/type1/public/amsfonts/cm/
cmbx12.pfb><C:/Program Files/MiKTeX 2.9/fonts/type1/public/amsfonts/cm/cmex10.p
fb><C:/Program Files/MiKTeX 2.9/fonts/type1/public/amsfonts/cm/cmmi10.pfb><C:/P
rogram Files/MiKTeX 2.9/fonts/type1/public/amsfonts/cm/cmmi8.pfb><C:/Program Fi
les/MiKTeX 2.9/fonts/type1/public/amsfonts/cm/cmr10.pfb><C:/Program Files/MiKTe
X 2.9/fonts/type1/public/amsfonts/cm/cmr12.pfb><C:/Program Files/MiKTeX 2.9/fon
ts/type1/public/amsfonts/cm/cmr8.pfb><C:/Program Files/MiKTeX 2.9/fonts/type1/p
ublic/amsfonts/cm/cmsy10.pfb><C:/Program Files/MiKTeX 2.9/fonts/type1/public/am
sfonts/cm/cmsy6.pfb><C:/Program Files/MiKTeX 2.9/fonts/type1/public/amsfonts/cm
/cmti10.pfb><C:/Program Files/MiKTeX 2.9/fonts/type1/public/amsfonts/cm/cmtt10.
pfb>
Output written on 180616T_a02.pdf (5 pages, 4456328 bytes).
PDF statistics:
 219 PDF objects out of 1000 (max. 8388607)
 74 named destinations out of 1000 (max. 500000)
 150 words of extra memory for PDF output out of 10000 (max. 10000000)

